2023-10-23 15:12:38.463 [info] Extension host with pid 16791 started
2023-10-23 15:12:38.464 [info] Skipping acquiring lock for /media/silvio/8C78CE0A78CDF34E/Users/silvi/Documents/GitHub/intro_fis_comp/~/.vscode-root/User/workspaceStorage/e4ffdd94f525ab520d0ac4bb42ff6ba4.
2023-10-23 15:12:38.672 [info] ExtensionService#_doActivateExtension vscode.git-base, startup: true, activationEvent: '*', root cause: vscode.git
2023-10-23 15:12:38.741 [info] ExtensionService#_doActivateExtension vscode.git, startup: true, activationEvent: '*'
2023-10-23 15:12:38.910 [info] ExtensionService#_doActivateExtension vscode.github, startup: true, activationEvent: '*'
2023-10-23 15:12:39.099 [info] Eager extensions activated
2023-10-23 15:12:39.143 [info] ExtensionService#_doActivateExtension vscode.debug-auto-launch, startup: false, activationEvent: 'onStartupFinished'
2023-10-23 15:12:39.148 [info] ExtensionService#_doActivateExtension vscode.merge-conflict, startup: false, activationEvent: 'onStartupFinished'
2023-10-23 15:12:39.612 [info] ExtensionService#_doActivateExtension vscode.github-authentication, startup: false, activationEvent: 'onAuthenticationRequest:github'
2023-10-23 15:12:41.116 [info] ExtensionService#_doActivateExtension vscode.emmet, startup: false, activationEvent: 'onLanguage'
2023-10-23 15:12:53.922 [info] ExtensionService#_doActivateExtension vscode.json-language-features, startup: false, activationEvent: 'onLanguage:jsonc'
2023-10-23 15:12:54.020 [info] ExtensionService#_doActivateExtension vscode.typescript-language-features, startup: false, activationEvent: 'onLanguage:jsonc'
2023-10-23 15:14:48.304 [info] ExtensionService#_doActivateExtension ms-vscode.cpptools, startup: false, activationEvent: 'onLanguage:FortranFixedForm', root cause: fortran-lang.linter-gfortran
2023-10-23 15:14:48.984 [info] ExtensionService#_doActivateExtension fortran-lang.linter-gfortran, startup: false, activationEvent: 'onLanguage:FortranFixedForm'
2023-10-23 15:14:49.188 [info] ExtensionService#_doActivateExtension vscode.markdown-language-features, startup: false, activationEvent: 'onCommand:markdown.showPreview'
2023-10-23 15:14:50.116 [error] Error: not found: gfortran
	at s (/root/.vscode/extensions/fortran-lang.linter-gfortran-3.2.0/dist/extension.js:2:480489)
	at c.sync (/root/.vscode/extensions/fortran-lang.linter-gfortran-3.2.0/dist/extension.js:2:481765)
	at n.FortranLintingProvider.getLinterExecutable (/root/.vscode/extensions/fortran-lang.linter-gfortran-3.2.0/dist/extension.js:2:159587)
	at n.FortranLintingProvider.doModernFortranLint (/root/.vscode/extensions/fortran-lang.linter-gfortran-3.2.0/dist/extension.js:2:156983)
	at Array.forEach (<anonymous>)
	at n.FortranLintingProvider.activate (/root/.vscode/extensions/fortran-lang.linter-gfortran-3.2.0/dist/extension.js:2:156569)
	at n.activate (/root/.vscode/extensions/fortran-lang.linter-gfortran-3.2.0/dist/extension.js:2:145022)
	at q.ib (/snap/code/143/usr/share/code/resources/app/out/vs/workbench/api/node/extensionHostProcess.js:136:13192)
	at q.hb (/snap/code/143/usr/share/code/resources/app/out/vs/workbench/api/node/extensionHostProcess.js:136:12914)
	at /snap/code/143/usr/share/code/resources/app/out/vs/workbench/api/node/extensionHostProcess.js:136:11039
	at async v.n (/snap/code/143/usr/share/code/resources/app/out/vs/workbench/api/node/extensionHostProcess.js:125:6205)
	at async v.m (/snap/code/143/usr/share/code/resources/app/out/vs/workbench/api/node/extensionHostProcess.js:125:6168)
	at async v.l (/snap/code/143/usr/share/code/resources/app/out/vs/workbench/api/node/extensionHostProcess.js:125:5625)
2023-10-23 15:14:50.530 [info] ExtensionService#_doActivateExtension vscode.extension-editing, startup: false, activationEvent: 'onLanguage:markdown'
2023-10-23 15:14:50.594 [info] ExtensionService#_doActivateExtension vscode.markdown-math, startup: false, activationEvent: 'api', root cause: vscode.markdown-language-features
2023-10-23 15:17:08.436 [warning] [Decorations] CAPPING events from decorations provider vscode.git 251
2023-10-23 15:17:13.554 [warning] [Decorations] CAPPING events from decorations provider vscode.git 251
2023-10-23 15:19:13.567 [warning] [Decorations] CAPPING events from decorations provider vscode.git 253
2023-10-23 15:19:18.734 [warning] [Decorations] CAPPING events from decorations provider vscode.git 253
2023-10-23 15:25:26.835 [warning] [Decorations] CAPPING events from decorations provider vscode.git 253
2023-10-23 15:25:32.029 [warning] [Decorations] CAPPING events from decorations provider vscode.git 253
2023-10-23 15:25:37.146 [warning] [Decorations] CAPPING events from decorations provider vscode.git 253
2023-10-23 15:25:42.318 [warning] [Decorations] CAPPING events from decorations provider vscode.git 253
2023-10-23 15:25:47.447 [warning] [Decorations] CAPPING events from decorations provider vscode.git 253
2023-10-23 15:25:52.577 [warning] [Decorations] CAPPING events from decorations provider vscode.git 253
2023-10-23 15:25:57.703 [warning] [Decorations] CAPPING events from decorations provider vscode.git 253
2023-10-23 15:26:02.915 [warning] [Decorations] CAPPING events from decorations provider vscode.git 253
2023-10-23 15:26:08.133 [warning] [Decorations] CAPPING events from decorations provider vscode.git 253
2023-10-23 15:26:13.283 [warning] [Decorations] CAPPING events from decorations provider vscode.git 253
2023-10-23 15:26:18.486 [warning] [Decorations] CAPPING events from decorations provider vscode.git 253
2023-10-23 15:26:23.630 [warning] [Decorations] CAPPING events from decorations provider vscode.git 253
2023-10-23 15:26:28.825 [warning] [Decorations] CAPPING events from decorations provider vscode.git 253
2023-10-23 15:26:33.926 [warning] [Decorations] CAPPING events from decorations provider vscode.git 253
2023-10-23 15:26:39.056 [warning] [Decorations] CAPPING events from decorations provider vscode.git 253
2023-10-23 15:26:44.240 [warning] [Decorations] CAPPING events from decorations provider vscode.git 253
2023-10-23 15:26:49.466 [warning] [Decorations] CAPPING events from decorations provider vscode.git 253
2023-10-23 15:28:02.715 [warning] [Decorations] CAPPING events from decorations provider vscode.git 256
2023-10-23 15:28:37.566 [warning] [Decorations] CAPPING events from decorations provider vscode.git 256
2023-10-23 15:29:06.382 [warning] [Decorations] CAPPING events from decorations provider vscode.git 256
2023-10-23 15:29:11.814 [warning] [Decorations] CAPPING events from decorations provider vscode.git 256
2023-10-23 15:29:16.937 [warning] [Decorations] CAPPING events from decorations provider vscode.git 256
2023-10-23 15:29:56.905 [warning] [Decorations] CAPPING events from decorations provider vscode.git 256
2023-10-23 15:30:50.710 [warning] [Decorations] CAPPING events from decorations provider vscode.git 256
2023-10-23 15:34:43.917 [warning] [Decorations] CAPPING events from decorations provider vscode.git 257
2023-10-23 15:34:49.114 [warning] [Decorations] CAPPING events from decorations provider vscode.git 260
2023-10-23 15:36:57.030 [warning] [Decorations] CAPPING events from decorations provider vscode.git 259
2023-10-23 15:51:00.293 [warning] [Decorations] CAPPING events from decorations provider vscode.git 259
2023-10-23 15:55:59.439 [warning] [Decorations] CAPPING events from decorations provider vscode.git 259
2023-10-24 20:13:49.491 [warning] [Decorations] CAPPING events from decorations provider vscode.git 258
2023-10-24 20:13:54.623 [warning] [Decorations] CAPPING events from decorations provider vscode.git 258
2023-10-24 21:19:43.379 [warning] [Decorations] CAPPING events from decorations provider vscode.git 258
2023-10-24 21:21:24.628 [warning] [Decorations] CAPPING events from decorations provider vscode.git 258
2023-10-24 21:21:29.814 [warning] [Decorations] CAPPING events from decorations provider vscode.git 258
2023-10-24 21:38:43.095 [warning] [Decorations] CAPPING events from decorations provider vscode.git 258
2023-10-24 21:38:48.512 [warning] [Decorations] CAPPING events from decorations provider vscode.git 259
2023-10-24 21:38:53.929 [warning] [Decorations] CAPPING events from decorations provider vscode.git 259
2023-10-24 21:38:59.291 [warning] [Decorations] CAPPING events from decorations provider vscode.git 260
2023-10-24 21:39:04.563 [warning] [Decorations] CAPPING events from decorations provider vscode.git 260
2023-10-24 21:39:49.398 [warning] [Decorations] CAPPING events from decorations provider vscode.git 260
2023-10-24 21:39:54.699 [warning] [Decorations] CAPPING events from decorations provider vscode.git 260
2023-10-24 21:39:59.987 [warning] [Decorations] CAPPING events from decorations provider vscode.git 260
2023-10-24 21:40:05.291 [warning] [Decorations] CAPPING events from decorations provider vscode.git 260
2023-10-24 21:40:10.576 [warning] [Decorations] CAPPING events from decorations provider vscode.git 260
2023-10-24 21:40:15.914 [warning] [Decorations] CAPPING events from decorations provider vscode.git 260
2023-10-24 21:40:21.189 [warning] [Decorations] CAPPING events from decorations provider vscode.git 260
2023-10-24 21:41:32.257 [warning] [Decorations] CAPPING events from decorations provider vscode.git 260
2023-10-24 21:41:37.535 [warning] [Decorations] CAPPING events from decorations provider vscode.git 260
2023-10-24 21:41:42.859 [warning] [Decorations] CAPPING events from decorations provider vscode.git 260
2023-10-24 21:41:48.275 [warning] [Decorations] CAPPING events from decorations provider vscode.git 260
2023-10-24 21:41:53.702 [warning] [Decorations] CAPPING events from decorations provider vscode.git 260
2023-10-24 21:41:58.990 [warning] [Decorations] CAPPING events from decorations provider vscode.git 260
2023-10-24 21:42:04.280 [warning] [Decorations] CAPPING events from decorations provider vscode.git 260
2023-10-24 21:42:09.625 [warning] [Decorations] CAPPING events from decorations provider vscode.git 260
2023-10-24 21:42:14.919 [warning] [Decorations] CAPPING events from decorations provider vscode.git 260
2023-10-24 21:42:20.239 [warning] [Decorations] CAPPING events from decorations provider vscode.git 260
2023-10-24 21:42:25.518 [warning] [Decorations] CAPPING events from decorations provider vscode.git 260
2023-10-24 21:42:30.810 [warning] [Decorations] CAPPING events from decorations provider vscode.git 260
2023-10-24 21:42:36.046 [warning] [Decorations] CAPPING events from decorations provider vscode.git 260
2023-10-24 21:42:41.267 [warning] [Decorations] CAPPING events from decorations provider vscode.git 260
2023-10-24 21:42:46.553 [warning] [Decorations] CAPPING events from decorations provider vscode.git 260
2023-10-24 21:42:51.799 [warning] [Decorations] CAPPING events from decorations provider vscode.git 260
2023-10-24 21:42:57.132 [warning] [Decorations] CAPPING events from decorations provider vscode.git 260
2023-10-24 21:43:02.251 [warning] [Decorations] CAPPING events from decorations provider vscode.git 260
2023-10-24 21:43:07.378 [warning] [Decorations] CAPPING events from decorations provider vscode.git 260
2023-10-24 21:43:12.487 [warning] [Decorations] CAPPING events from decorations provider vscode.git 260
2023-10-24 21:43:17.730 [warning] [Decorations] CAPPING events from decorations provider vscode.git 260
2023-10-24 21:43:22.863 [warning] [Decorations] CAPPING events from decorations provider vscode.git 260
2023-10-24 21:43:27.983 [warning] [Decorations] CAPPING events from decorations provider vscode.git 260
2023-10-24 21:43:33.254 [warning] [Decorations] CAPPING events from decorations provider vscode.git 260
2023-10-24 21:43:38.526 [warning] [Decorations] CAPPING events from decorations provider vscode.git 260
2023-10-24 21:43:43.843 [warning] [Decorations] CAPPING events from decorations provider vscode.git 260
2023-10-24 21:43:48.974 [warning] [Decorations] CAPPING events from decorations provider vscode.git 260
2023-10-24 21:43:54.081 [warning] [Decorations] CAPPING events from decorations provider vscode.git 260
2023-10-24 21:43:59.438 [warning] [Decorations] CAPPING events from decorations provider vscode.git 260
2023-10-24 21:44:04.790 [warning] [Decorations] CAPPING events from decorations provider vscode.git 260
2023-10-24 21:44:10.127 [warning] [Decorations] CAPPING events from decorations provider vscode.git 260
2023-10-24 21:44:15.451 [warning] [Decorations] CAPPING events from decorations provider vscode.git 260
2023-10-24 21:44:20.795 [warning] [Decorations] CAPPING events from decorations provider vscode.git 260
2023-10-24 21:44:26.125 [warning] [Decorations] CAPPING events from decorations provider vscode.git 260
2023-10-24 21:44:31.498 [warning] [Decorations] CAPPING events from decorations provider vscode.git 260
2023-10-24 21:44:36.773 [warning] [Decorations] CAPPING events from decorations provider vscode.git 260
2023-10-24 21:44:42.253 [warning] [Decorations] CAPPING events from decorations provider vscode.git 260
2023-10-24 21:44:48.660 [warning] [Decorations] CAPPING events from decorations provider vscode.git 260
2023-10-24 21:44:53.986 [warning] [Decorations] CAPPING events from decorations provider vscode.git 260
2023-10-24 21:44:59.309 [warning] [Decorations] CAPPING events from decorations provider vscode.git 260
2023-10-25 13:35:05.676 [warning] [Decorations] CAPPING events from decorations provider vscode.git 260
2023-10-25 14:02:18.360 [warning] [Decorations] CAPPING events from decorations provider vscode.git 260
2023-10-25 14:02:23.747 [warning] [Decorations] CAPPING events from decorations provider vscode.git 260
2023-10-25 14:02:29.017 [warning] [Decorations] CAPPING events from decorations provider vscode.git 260
2023-10-25 14:32:21.340 [warning] [Decorations] CAPPING events from decorations provider vscode.git 260
2023-10-25 14:32:26.447 [warning] [Decorations] CAPPING events from decorations provider vscode.git 260
2023-10-25 14:32:31.589 [warning] [Decorations] CAPPING events from decorations provider vscode.git 260
2023-10-25 14:32:36.730 [warning] [Decorations] CAPPING events from decorations provider vscode.git 260
2023-10-25 14:32:41.856 [warning] [Decorations] CAPPING events from decorations provider vscode.git 260
2023-10-25 14:35:22.962 [warning] [Decorations] CAPPING events from decorations provider vscode.git 260
2023-10-25 14:35:28.278 [warning] [Decorations] CAPPING events from decorations provider vscode.git 260
2023-10-25 14:35:33.667 [warning] [Decorations] CAPPING events from decorations provider vscode.git 260
2023-10-25 14:35:38.993 [warning] [Decorations] CAPPING events from decorations provider vscode.git 260
2023-10-25 14:35:44.305 [warning] [Decorations] CAPPING events from decorations provider vscode.git 260
2023-10-25 14:36:11.339 [warning] [Decorations] CAPPING events from decorations provider vscode.git 260
2023-10-25 14:36:18.889 [warning] [Decorations] CAPPING events from decorations provider vscode.git 260
2023-10-25 14:36:50.812 [warning] [Decorations] CAPPING events from decorations provider vscode.git 260
2023-10-25 14:36:55.974 [warning] [Decorations] CAPPING events from decorations provider vscode.git 260
2023-10-25 14:37:01.117 [warning] [Decorations] CAPPING events from decorations provider vscode.git 260
2023-10-25 14:37:06.259 [warning] [Decorations] CAPPING events from decorations provider vscode.git 260
2023-10-25 14:37:11.375 [warning] [Decorations] CAPPING events from decorations provider vscode.git 260
2023-10-25 14:37:16.530 [warning] [Decorations] CAPPING events from decorations provider vscode.git 260
2023-10-25 14:37:21.738 [warning] [Decorations] CAPPING events from decorations provider vscode.git 260
2023-10-25 14:37:26.949 [warning] [Decorations] CAPPING events from decorations provider vscode.git 260
2023-10-25 14:37:32.135 [warning] [Decorations] CAPPING events from decorations provider vscode.git 260
2023-10-25 14:37:37.327 [warning] [Decorations] CAPPING events from decorations provider vscode.git 260
2023-10-25 14:39:07.960 [warning] [Decorations] CAPPING events from decorations provider vscode.git 260
2023-10-25 14:39:13.280 [warning] [Decorations] CAPPING events from decorations provider vscode.git 260
2023-10-25 14:39:18.643 [warning] [Decorations] CAPPING events from decorations provider vscode.git 260
2023-10-25 14:39:23.950 [warning] [Decorations] CAPPING events from decorations provider vscode.git 260
2023-10-25 14:39:29.179 [warning] [Decorations] CAPPING events from decorations provider vscode.git 260
2023-10-25 14:39:34.489 [warning] [Decorations] CAPPING events from decorations provider vscode.git 260
2023-10-25 14:39:39.741 [warning] [Decorations] CAPPING events from decorations provider vscode.git 260
2023-10-25 14:39:45.081 [warning] [Decorations] CAPPING events from decorations provider vscode.git 260
2023-10-25 14:39:50.297 [warning] [Decorations] CAPPING events from decorations provider vscode.git 260
2023-10-25 14:39:55.586 [warning] [Decorations] CAPPING events from decorations provider vscode.git 260
2023-10-25 14:40:39.322 [warning] [Decorations] CAPPING events from decorations provider vscode.git 260
2023-10-25 14:40:44.611 [warning] [Decorations] CAPPING events from decorations provider vscode.git 260
2023-10-25 14:40:49.993 [warning] [Decorations] CAPPING events from decorations provider vscode.git 260
2023-10-25 14:40:55.324 [warning] [Decorations] CAPPING events from decorations provider vscode.git 260
2023-10-25 14:41:00.694 [warning] [Decorations] CAPPING events from decorations provider vscode.git 260
2023-10-25 14:41:06.082 [warning] [Decorations] CAPPING events from decorations provider vscode.git 260
2023-10-25 14:41:13.762 [warning] [Decorations] CAPPING events from decorations provider vscode.git 260
2023-10-25 14:41:19.082 [warning] [Decorations] CAPPING events from decorations provider vscode.git 260
2023-10-25 14:41:24.332 [warning] [Decorations] CAPPING events from decorations provider vscode.git 260
2023-10-25 14:41:29.696 [warning] [Decorations] CAPPING events from decorations provider vscode.git 260
2023-10-25 14:41:34.952 [warning] [Decorations] CAPPING events from decorations provider vscode.git 260
2023-10-25 14:41:40.247 [warning] [Decorations] CAPPING events from decorations provider vscode.git 260
2023-10-25 14:41:45.481 [warning] [Decorations] CAPPING events from decorations provider vscode.git 260
2023-10-25 14:41:50.908 [warning] [Decorations] CAPPING events from decorations provider vscode.git 260
2023-10-25 14:41:56.243 [warning] [Decorations] CAPPING events from decorations provider vscode.git 260
2023-10-25 14:42:01.602 [warning] [Decorations] CAPPING events from decorations provider vscode.git 260
2023-10-25 14:42:06.972 [warning] [Decorations] CAPPING events from decorations provider vscode.git 260
2023-10-25 14:42:12.442 [warning] [Decorations] CAPPING events from decorations provider vscode.git 260
2023-10-25 14:42:17.817 [warning] [Decorations] CAPPING events from decorations provider vscode.git 260
2023-10-25 14:42:23.183 [warning] [Decorations] CAPPING events from decorations provider vscode.git 260
2023-10-25 14:42:28.510 [warning] [Decorations] CAPPING events from decorations provider vscode.git 261
2023-10-25 14:42:33.944 [warning] [Decorations] CAPPING events from decorations provider vscode.git 260
2023-10-25 14:42:39.279 [warning] [Decorations] CAPPING events from decorations provider vscode.git 260
2023-10-25 14:42:44.622 [warning] [Decorations] CAPPING events from decorations provider vscode.git 260
2023-10-25 14:43:14.388 [warning] [Decorations] CAPPING events from decorations provider vscode.git 260
2023-10-25 14:43:19.544 [warning] [Decorations] CAPPING events from decorations provider vscode.git 260
2023-10-25 14:43:24.752 [warning] [Decorations] CAPPING events from decorations provider vscode.git 260
2023-10-25 14:43:51.942 [warning] [Decorations] CAPPING events from decorations provider vscode.git 260
2023-10-25 14:43:57.045 [warning] [Decorations] CAPPING events from decorations provider vscode.git 260
2023-10-25 14:44:02.186 [warning] [Decorations] CAPPING events from decorations provider vscode.git 260
2023-10-25 14:44:07.356 [warning] [Decorations] CAPPING events from decorations provider vscode.git 260
2023-10-25 14:44:12.503 [warning] [Decorations] CAPPING events from decorations provider vscode.git 261
2023-10-25 14:44:17.688 [warning] [Decorations] CAPPING events from decorations provider vscode.git 262
2023-10-25 14:44:25.490 [warning] [Decorations] CAPPING events from decorations provider vscode.git 261
2023-10-25 14:44:30.817 [warning] [Decorations] CAPPING events from decorations provider vscode.git 261
2023-10-25 14:44:36.061 [warning] [Decorations] CAPPING events from decorations provider vscode.git 262
2023-10-25 14:44:41.383 [warning] [Decorations] CAPPING events from decorations provider vscode.git 262
2023-10-25 14:45:20.522 [warning] [Decorations] CAPPING events from decorations provider vscode.git 263
2023-10-25 14:45:25.628 [warning] [Decorations] CAPPING events from decorations provider vscode.git 263
2023-10-25 14:45:30.759 [warning] [Decorations] CAPPING events from decorations provider vscode.git 263
2023-10-25 14:45:35.937 [warning] [Decorations] CAPPING events from decorations provider vscode.git 263
2023-10-25 14:45:41.273 [warning] [Decorations] CAPPING events from decorations provider vscode.git 264
2023-10-25 14:45:46.461 [warning] [Decorations] CAPPING events from decorations provider vscode.git 263
2023-10-25 14:46:31.825 [warning] [Decorations] CAPPING events from decorations provider vscode.git 263
2023-10-25 14:46:37.333 [warning] [Decorations] CAPPING events from decorations provider vscode.git 263
2023-10-25 14:46:42.671 [warning] [Decorations] CAPPING events from decorations provider vscode.git 263
2023-10-25 14:47:08.626 [warning] [Decorations] CAPPING events from decorations provider vscode.git 263
2023-10-25 14:47:13.773 [warning] [Decorations] CAPPING events from decorations provider vscode.git 263
2023-10-25 14:47:18.928 [warning] [Decorations] CAPPING events from decorations provider vscode.git 264
2023-10-25 14:47:24.041 [warning] [Decorations] CAPPING events from decorations provider vscode.git 264
2023-10-25 14:47:29.292 [warning] [Decorations] CAPPING events from decorations provider vscode.git 264
2023-10-25 14:47:34.449 [warning] [Decorations] CAPPING events from decorations provider vscode.git 264
2023-10-25 14:47:39.630 [warning] [Decorations] CAPPING events from decorations provider vscode.git 264
2023-10-25 14:47:45.056 [warning] [Decorations] CAPPING events from decorations provider vscode.git 264
2023-10-25 14:47:50.255 [warning] [Decorations] CAPPING events from decorations provider vscode.git 264
2023-10-25 14:47:55.481 [warning] [Decorations] CAPPING events from decorations provider vscode.git 264
2023-10-25 14:48:00.693 [warning] [Decorations] CAPPING events from decorations provider vscode.git 264
2023-10-25 14:48:05.833 [warning] [Decorations] CAPPING events from decorations provider vscode.git 264
2023-10-25 14:48:16.869 [warning] [Decorations] CAPPING events from decorations provider vscode.git 265
2023-10-25 14:48:22.022 [warning] [Decorations] CAPPING events from decorations provider vscode.git 264
2023-10-25 14:48:27.163 [warning] [Decorations] CAPPING events from decorations provider vscode.git 264
2023-10-25 14:48:32.357 [warning] [Decorations] CAPPING events from decorations provider vscode.git 264
2023-10-25 14:48:37.501 [warning] [Decorations] CAPPING events from decorations provider vscode.git 264
2023-10-25 14:48:42.712 [warning] [Decorations] CAPPING events from decorations provider vscode.git 264
2023-10-25 14:48:47.825 [warning] [Decorations] CAPPING events from decorations provider vscode.git 264
2023-10-25 14:48:53.005 [warning] [Decorations] CAPPING events from decorations provider vscode.git 264
2023-10-25 14:48:58.216 [warning] [Decorations] CAPPING events from decorations provider vscode.git 264
2023-10-25 14:49:03.348 [warning] [Decorations] CAPPING events from decorations provider vscode.git 264
2023-10-25 14:49:08.486 [warning] [Decorations] CAPPING events from decorations provider vscode.git 264
2023-10-25 14:49:13.628 [warning] [Decorations] CAPPING events from decorations provider vscode.git 264
2023-10-25 14:49:18.764 [warning] [Decorations] CAPPING events from decorations provider vscode.git 264
2023-10-25 14:49:23.890 [warning] [Decorations] CAPPING events from decorations provider vscode.git 264
2023-10-25 14:49:29.041 [warning] [Decorations] CAPPING events from decorations provider vscode.git 264
2023-10-25 14:49:34.280 [warning] [Decorations] CAPPING events from decorations provider vscode.git 264
2023-10-25 14:49:39.418 [warning] [Decorations] CAPPING events from decorations provider vscode.git 264
2023-10-25 14:49:44.622 [warning] [Decorations] CAPPING events from decorations provider vscode.git 264
2023-10-25 14:50:09.684 [warning] [Decorations] CAPPING events from decorations provider vscode.git 264
2023-10-25 14:50:14.996 [warning] [Decorations] CAPPING events from decorations provider vscode.git 264
2023-10-25 14:50:20.257 [warning] [Decorations] CAPPING events from decorations provider vscode.git 264
2023-10-25 14:50:25.528 [warning] [Decorations] CAPPING events from decorations provider vscode.git 264
2023-10-25 14:50:30.818 [warning] [Decorations] CAPPING events from decorations provider vscode.git 264
2023-10-25 14:50:36.099 [warning] [Decorations] CAPPING events from decorations provider vscode.git 264
2023-10-25 14:51:14.204 [warning] [Decorations] CAPPING events from decorations provider vscode.git 264
2023-10-25 14:51:19.540 [warning] [Decorations] CAPPING events from decorations provider vscode.git 264
2023-10-25 14:51:24.841 [warning] [Decorations] CAPPING events from decorations provider vscode.git 264
2023-10-25 14:56:32.928 [warning] [Decorations] CAPPING events from decorations provider vscode.git 264
2023-10-25 14:56:38.155 [warning] [Decorations] CAPPING events from decorations provider vscode.git 264
2023-10-25 14:56:43.328 [warning] [Decorations] CAPPING events from decorations provider vscode.git 264
2023-10-25 14:56:48.469 [warning] [Decorations] CAPPING events from decorations provider vscode.git 265
2023-10-25 14:56:53.591 [warning] [Decorations] CAPPING events from decorations provider vscode.git 265
2023-10-25 14:56:58.739 [warning] [Decorations] CAPPING events from decorations provider vscode.git 265
2023-10-25 14:57:03.890 [warning] [Decorations] CAPPING events from decorations provider vscode.git 265
2023-10-25 14:57:09.014 [warning] [Decorations] CAPPING events from decorations provider vscode.git 265
2023-10-25 14:57:14.294 [warning] [Decorations] CAPPING events from decorations provider vscode.git 266
2023-10-25 14:57:19.570 [warning] [Decorations] CAPPING events from decorations provider vscode.git 265
2023-10-25 14:57:36.846 [warning] [Decorations] CAPPING events from decorations provider vscode.git 265
2023-10-25 14:57:42.157 [warning] [Decorations] CAPPING events from decorations provider vscode.git 265
2023-10-25 14:57:47.435 [warning] [Decorations] CAPPING events from decorations provider vscode.git 265
2023-10-25 14:57:52.688 [warning] [Decorations] CAPPING events from decorations provider vscode.git 265
2023-10-25 14:57:57.935 [warning] [Decorations] CAPPING events from decorations provider vscode.git 266
2023-10-25 14:58:03.250 [warning] [Decorations] CAPPING events from decorations provider vscode.git 267
2023-10-25 14:58:08.620 [warning] [Decorations] CAPPING events from decorations provider vscode.git 267
2023-10-25 14:58:13.867 [warning] [Decorations] CAPPING events from decorations provider vscode.git 267
2023-10-25 14:58:19.112 [warning] [Decorations] CAPPING events from decorations provider vscode.git 267
2023-10-25 14:58:24.328 [warning] [Decorations] CAPPING events from decorations provider vscode.git 267
2023-10-25 14:58:29.506 [warning] [Decorations] CAPPING events from decorations provider vscode.git 267
2023-10-25 14:58:35.964 [warning] [Decorations] CAPPING events from decorations provider vscode.git 267
2023-10-25 14:58:41.320 [warning] [Decorations] CAPPING events from decorations provider vscode.git 267
2023-10-25 14:58:46.622 [warning] [Decorations] CAPPING events from decorations provider vscode.git 267
2023-10-25 14:58:51.937 [warning] [Decorations] CAPPING events from decorations provider vscode.git 267
2023-10-25 14:58:57.365 [warning] [Decorations] CAPPING events from decorations provider vscode.git 267
2023-10-25 14:59:02.607 [warning] [Decorations] CAPPING events from decorations provider vscode.git 267
2023-10-25 14:59:07.886 [warning] [Decorations] CAPPING events from decorations provider vscode.git 267
2023-10-25 14:59:13.128 [warning] [Decorations] CAPPING events from decorations provider vscode.git 267
2023-10-25 14:59:18.400 [warning] [Decorations] CAPPING events from decorations provider vscode.git 267
2023-10-25 14:59:23.653 [warning] [Decorations] CAPPING events from decorations provider vscode.git 267
2023-10-25 14:59:28.963 [warning] [Decorations] CAPPING events from decorations provider vscode.git 267
2023-10-25 14:59:34.210 [warning] [Decorations] CAPPING events from decorations provider vscode.git 267
2023-10-25 14:59:39.515 [warning] [Decorations] CAPPING events from decorations provider vscode.git 267
2023-10-25 14:59:44.803 [warning] [Decorations] CAPPING events from decorations provider vscode.git 267
2023-10-25 14:59:50.124 [warning] [Decorations] CAPPING events from decorations provider vscode.git 267
2023-10-25 14:59:55.438 [warning] [Decorations] CAPPING events from decorations provider vscode.git 267
2023-10-25 15:00:00.728 [warning] [Decorations] CAPPING events from decorations provider vscode.git 267
2023-10-25 15:00:06.012 [warning] [Decorations] CAPPING events from decorations provider vscode.git 267
2023-10-25 15:00:11.301 [warning] [Decorations] CAPPING events from decorations provider vscode.git 267
2023-10-25 15:00:16.604 [warning] [Decorations] CAPPING events from decorations provider vscode.git 267
2023-10-25 15:00:21.876 [warning] [Decorations] CAPPING events from decorations provider vscode.git 267
2023-10-25 15:00:27.132 [warning] [Decorations] CAPPING events from decorations provider vscode.git 268
2023-10-25 15:00:33.463 [warning] [Decorations] CAPPING events from decorations provider vscode.git 267
2023-10-25 15:00:38.750 [warning] [Decorations] CAPPING events from decorations provider vscode.git 267
2023-10-25 15:00:44.020 [warning] [Decorations] CAPPING events from decorations provider vscode.git 268
2023-10-25 15:00:49.343 [warning] [Decorations] CAPPING events from decorations provider vscode.git 268
2023-10-25 15:00:54.594 [warning] [Decorations] CAPPING events from decorations provider vscode.git 268
2023-10-25 15:00:59.897 [warning] [Decorations] CAPPING events from decorations provider vscode.git 268
2023-10-25 15:01:05.202 [warning] [Decorations] CAPPING events from decorations provider vscode.git 268
2023-10-25 15:01:11.228 [warning] [Decorations] CAPPING events from decorations provider vscode.git 268
2023-10-25 15:01:16.509 [warning] [Decorations] CAPPING events from decorations provider vscode.git 268
2023-10-25 15:01:21.904 [warning] [Decorations] CAPPING events from decorations provider vscode.git 268
2023-10-25 15:01:27.145 [warning] [Decorations] CAPPING events from decorations provider vscode.git 269
2023-10-25 15:01:32.452 [warning] [Decorations] CAPPING events from decorations provider vscode.git 268
2023-10-25 15:01:37.726 [warning] [Decorations] CAPPING events from decorations provider vscode.git 268
2023-10-25 15:01:43.098 [warning] [Decorations] CAPPING events from decorations provider vscode.git 269
2023-10-25 15:01:48.432 [warning] [Decorations] CAPPING events from decorations provider vscode.git 269
2023-10-25 15:01:53.715 [warning] [Decorations] CAPPING events from decorations provider vscode.git 269
2023-10-25 15:01:59.069 [warning] [Decorations] CAPPING events from decorations provider vscode.git 269
2023-10-25 15:02:04.337 [warning] [Decorations] CAPPING events from decorations provider vscode.git 269
2023-10-25 15:02:09.626 [warning] [Decorations] CAPPING events from decorations provider vscode.git 269
2023-10-25 15:02:14.929 [warning] [Decorations] CAPPING events from decorations provider vscode.git 269
2023-10-25 15:02:20.262 [warning] [Decorations] CAPPING events from decorations provider vscode.git 269
2023-10-25 15:02:25.502 [warning] [Decorations] CAPPING events from decorations provider vscode.git 269
2023-10-25 15:02:30.841 [warning] [Decorations] CAPPING events from decorations provider vscode.git 269
2023-10-25 15:02:36.492 [warning] [Decorations] CAPPING events from decorations provider vscode.git 269
2023-10-25 15:02:41.819 [warning] [Decorations] CAPPING events from decorations provider vscode.git 269
2023-10-25 15:02:47.107 [warning] [Decorations] CAPPING events from decorations provider vscode.git 269
2023-10-25 15:02:52.405 [warning] [Decorations] CAPPING events from decorations provider vscode.git 269
2023-10-25 15:02:57.694 [warning] [Decorations] CAPPING events from decorations provider vscode.git 269
2023-10-25 15:03:03.024 [warning] [Decorations] CAPPING events from decorations provider vscode.git 269
2023-10-25 15:03:11.186 [warning] [Decorations] CAPPING events from decorations provider vscode.git 269
2023-10-25 15:03:16.416 [warning] [Decorations] CAPPING events from decorations provider vscode.git 269
2023-10-25 15:03:21.671 [warning] [Decorations] CAPPING events from decorations provider vscode.git 269
2023-10-25 15:03:26.946 [warning] [Decorations] CAPPING events from decorations provider vscode.git 269
2023-10-25 15:03:32.297 [warning] [Decorations] CAPPING events from decorations provider vscode.git 269
2023-10-25 15:03:37.516 [warning] [Decorations] CAPPING events from decorations provider vscode.git 269
2023-10-25 15:03:42.846 [warning] [Decorations] CAPPING events from decorations provider vscode.git 269
2023-10-25 15:03:54.014 [warning] [Decorations] CAPPING events from decorations provider vscode.git 269
2023-10-25 15:03:59.264 [warning] [Decorations] CAPPING events from decorations provider vscode.git 270
2023-10-25 15:04:04.606 [warning] [Decorations] CAPPING events from decorations provider vscode.git 269
2023-10-25 15:04:09.866 [warning] [Decorations] CAPPING events from decorations provider vscode.git 269
2023-10-25 15:04:15.324 [warning] [Decorations] CAPPING events from decorations provider vscode.git 269
2023-10-25 15:04:20.626 [warning] [Decorations] CAPPING events from decorations provider vscode.git 270
2023-10-25 15:04:25.938 [warning] [Decorations] CAPPING events from decorations provider vscode.git 270
2023-10-25 15:04:31.190 [warning] [Decorations] CAPPING events from decorations provider vscode.git 270
2023-10-25 15:04:36.556 [warning] [Decorations] CAPPING events from decorations provider vscode.git 270
2023-10-25 15:04:41.939 [warning] [Decorations] CAPPING events from decorations provider vscode.git 270
2023-10-25 15:04:47.170 [warning] [Decorations] CAPPING events from decorations provider vscode.git 270
2023-10-25 15:04:52.489 [warning] [Decorations] CAPPING events from decorations provider vscode.git 270
2023-10-25 15:05:27.401 [warning] [Decorations] CAPPING events from decorations provider vscode.git 271
2023-10-25 15:05:32.702 [warning] [Decorations] CAPPING events from decorations provider vscode.git 270
2023-10-25 15:05:38.059 [warning] [Decorations] CAPPING events from decorations provider vscode.git 271
2023-10-25 15:05:43.357 [warning] [Decorations] CAPPING events from decorations provider vscode.git 272
2023-10-25 15:05:48.650 [warning] [Decorations] CAPPING events from decorations provider vscode.git 272
2023-10-25 15:05:54.007 [warning] [Decorations] CAPPING events from decorations provider vscode.git 272
2023-10-25 15:05:59.291 [warning] [Decorations] CAPPING events from decorations provider vscode.git 273
2023-10-25 15:06:04.586 [warning] [Decorations] CAPPING events from decorations provider vscode.git 273
2023-10-25 15:06:20.346 [warning] [Decorations] CAPPING events from decorations provider vscode.git 274
2023-10-25 15:07:28.876 [warning] [Decorations] CAPPING events from decorations provider vscode.git 274
2023-10-25 15:07:34.096 [warning] [Decorations] CAPPING events from decorations provider vscode.git 275
2023-10-25 15:07:39.411 [warning] [Decorations] CAPPING events from decorations provider vscode.git 275
2023-10-25 15:07:44.644 [warning] [Decorations] CAPPING events from decorations provider vscode.git 274
2023-10-25 15:07:49.991 [warning] [Decorations] CAPPING events from decorations provider vscode.git 274
2023-10-25 15:07:55.208 [warning] [Decorations] CAPPING events from decorations provider vscode.git 274
2023-10-25 15:08:00.470 [warning] [Decorations] CAPPING events from decorations provider vscode.git 275
2023-10-25 15:08:05.734 [warning] [Decorations] CAPPING events from decorations provider vscode.git 275
2023-10-25 15:08:11.101 [warning] [Decorations] CAPPING events from decorations provider vscode.git 275
2023-10-25 15:08:16.360 [warning] [Decorations] CAPPING events from decorations provider vscode.git 275
2023-10-25 15:09:50.399 [warning] [Decorations] CAPPING events from decorations provider vscode.git 276
2023-10-25 15:09:55.715 [warning] [Decorations] CAPPING events from decorations provider vscode.git 275
2023-10-25 15:10:01.058 [warning] [Decorations] CAPPING events from decorations provider vscode.git 275
2023-10-25 15:10:06.340 [warning] [Decorations] CAPPING events from decorations provider vscode.git 275
2023-10-25 15:10:11.844 [warning] [Decorations] CAPPING events from decorations provider vscode.git 275
2023-10-25 15:10:17.176 [warning] [Decorations] CAPPING events from decorations provider vscode.git 275
2023-10-25 15:10:50.181 [warning] [Decorations] CAPPING events from decorations provider vscode.git 275
2023-10-25 15:10:55.376 [warning] [Decorations] CAPPING events from decorations provider vscode.git 275
2023-10-25 15:11:00.522 [warning] [Decorations] CAPPING events from decorations provider vscode.git 275
2023-10-25 15:11:05.801 [warning] [Decorations] CAPPING events from decorations provider vscode.git 275
2023-10-25 15:11:10.977 [warning] [Decorations] CAPPING events from decorations provider vscode.git 275
2023-10-25 15:11:16.131 [warning] [Decorations] CAPPING events from decorations provider vscode.git 276
2023-10-25 15:11:21.292 [warning] [Decorations] CAPPING events from decorations provider vscode.git 276
2023-10-25 15:11:26.614 [warning] [Decorations] CAPPING events from decorations provider vscode.git 276
2023-10-25 15:11:31.976 [warning] [Decorations] CAPPING events from decorations provider vscode.git 276
2023-10-25 15:11:37.305 [warning] [Decorations] CAPPING events from decorations provider vscode.git 276
2023-10-25 15:11:45.087 [warning] [Decorations] CAPPING events from decorations provider vscode.git 276
2023-10-25 15:11:50.449 [warning] [Decorations] CAPPING events from decorations provider vscode.git 276
2023-10-25 15:11:55.715 [warning] [Decorations] CAPPING events from decorations provider vscode.git 276
2023-10-25 15:12:01.047 [warning] [Decorations] CAPPING events from decorations provider vscode.git 276
2023-10-25 15:12:06.332 [warning] [Decorations] CAPPING events from decorations provider vscode.git 276
2023-10-25 15:12:11.693 [warning] [Decorations] CAPPING events from decorations provider vscode.git 276
2023-10-25 15:12:17.063 [warning] [Decorations] CAPPING events from decorations provider vscode.git 276
2023-10-25 15:12:22.378 [warning] [Decorations] CAPPING events from decorations provider vscode.git 276
2023-10-25 15:12:27.629 [warning] [Decorations] CAPPING events from decorations provider vscode.git 276
2023-10-25 15:12:33.004 [warning] [Decorations] CAPPING events from decorations provider vscode.git 276
2023-10-25 15:12:38.278 [warning] [Decorations] CAPPING events from decorations provider vscode.git 276
2023-10-25 15:12:43.629 [warning] [Decorations] CAPPING events from decorations provider vscode.git 276
2023-10-25 15:12:48.934 [warning] [Decorations] CAPPING events from decorations provider vscode.git 277
2023-10-25 15:12:54.261 [warning] [Decorations] CAPPING events from decorations provider vscode.git 276
2023-10-25 15:12:59.514 [warning] [Decorations] CAPPING events from decorations provider vscode.git 276
2023-10-25 15:13:04.851 [warning] [Decorations] CAPPING events from decorations provider vscode.git 276
2023-10-25 15:13:10.172 [warning] [Decorations] CAPPING events from decorations provider vscode.git 276
2023-10-25 15:13:15.394 [warning] [Decorations] CAPPING events from decorations provider vscode.git 276
2023-10-25 15:15:00.238 [warning] [Decorations] CAPPING events from decorations provider vscode.git 276
2023-10-25 15:15:05.379 [warning] [Decorations] CAPPING events from decorations provider vscode.git 276
2023-10-25 15:15:10.559 [warning] [Decorations] CAPPING events from decorations provider vscode.git 276
2023-10-25 15:15:15.751 [warning] [Decorations] CAPPING events from decorations provider vscode.git 276
2023-10-25 15:15:21.007 [warning] [Decorations] CAPPING events from decorations provider vscode.git 276
2023-10-25 15:15:26.153 [warning] [Decorations] CAPPING events from decorations provider vscode.git 276
2023-10-25 15:15:31.488 [warning] [Decorations] CAPPING events from decorations provider vscode.git 276
2023-10-25 15:15:36.634 [warning] [Decorations] CAPPING events from decorations provider vscode.git 276
2023-10-25 15:15:41.851 [warning] [Decorations] CAPPING events from decorations provider vscode.git 276
2023-10-25 15:15:46.998 [warning] [Decorations] CAPPING events from decorations provider vscode.git 277
2023-10-25 15:15:52.188 [warning] [Decorations] CAPPING events from decorations provider vscode.git 277
2023-10-25 15:15:57.342 [warning] [Decorations] CAPPING events from decorations provider vscode.git 277
2023-10-25 15:16:02.477 [warning] [Decorations] CAPPING events from decorations provider vscode.git 277
2023-10-25 15:16:07.723 [warning] [Decorations] CAPPING events from decorations provider vscode.git 277
2023-10-25 15:16:12.826 [warning] [Decorations] CAPPING events from decorations provider vscode.git 277
2023-10-25 15:16:17.981 [warning] [Decorations] CAPPING events from decorations provider vscode.git 277
2023-10-25 15:16:23.205 [warning] [Decorations] CAPPING events from decorations provider vscode.git 278
2023-10-25 15:16:28.549 [warning] [Decorations] CAPPING events from decorations provider vscode.git 277
2023-10-25 15:16:33.858 [warning] [Decorations] CAPPING events from decorations provider vscode.git 277
2023-10-25 15:16:39.212 [warning] [Decorations] CAPPING events from decorations provider vscode.git 277
2023-10-25 15:16:44.503 [warning] [Decorations] CAPPING events from decorations provider vscode.git 277
2023-10-25 15:16:49.824 [warning] [Decorations] CAPPING events from decorations provider vscode.git 277
2023-10-25 15:16:55.142 [warning] [Decorations] CAPPING events from decorations provider vscode.git 277
2023-10-25 15:17:00.456 [warning] [Decorations] CAPPING events from decorations provider vscode.git 277
2023-10-25 15:17:05.817 [warning] [Decorations] CAPPING events from decorations provider vscode.git 277
2023-10-25 15:17:11.175 [warning] [Decorations] CAPPING events from decorations provider vscode.git 277
2023-10-25 15:17:16.434 [warning] [Decorations] CAPPING events from decorations provider vscode.git 277
2023-10-25 15:17:21.717 [warning] [Decorations] CAPPING events from decorations provider vscode.git 277
2023-10-25 15:18:07.428 [warning] [Decorations] CAPPING events from decorations provider vscode.git 277
2023-10-25 15:18:12.737 [warning] [Decorations] CAPPING events from decorations provider vscode.git 277
2023-10-25 15:18:18.038 [warning] [Decorations] CAPPING events from decorations provider vscode.git 277
2023-10-25 15:18:23.362 [warning] [Decorations] CAPPING events from decorations provider vscode.git 277
2023-10-25 15:21:18.426 [warning] [Decorations] CAPPING events from decorations provider vscode.git 277
2023-10-25 15:21:24.786 [warning] [Decorations] CAPPING events from decorations provider vscode.git 277
